{
  "0 debug pnpm:scope": {
    "selected": 1
  },
  "1 error pnpm": {
    "errno": 1,
    "code": "ELIFECYCLE",
    "pkgid": "nodejs-postgresql@0.0.0",
    "stage": "start",
    "script": "node server.js",
    "pkgname": "nodejs-postgresql",
    "err": {
      "name": "pnpm",
      "message": "nodejs-postgresql@0.0.0 start: `node server.js`\nExit status 1",
      "code": "ELIFECYCLE",
      "stack": "pnpm: nodejs-postgresql@0.0.0 start: `node server.js`\nExit status 1\n    at EventEmitter.<anonymous> (/home/pariah/.nvm/versions/node/v14.17.3/pnpm-global/5/node_modules/.pnpm/pnpm@6.32.3/node_modules/pnpm/dist/pnpm.cjs:105724:20)\n    at EventEmitter.emit (events.js:375:28)\n    at ChildProcess.<anonymous> (/home/pariah/.nvm/versions/node/v14.17.3/pnpm-global/5/node_modules/.pnpm/pnpm@6.32.3/node_modules/pnpm/dist/pnpm.cjs:92285:18)\n    at ChildProcess.emit (events.js:375:28)\n    at maybeClose (internal/child_process.js:1055:16)\n    at Process.ChildProcess._handle.onexit (internal/child_process.js:288:5)"
    }
  },
  "2 warn pnpm:global": " Local package.json exists, but node_modules missing, did you mean to install?"
}